[2710月2024 20:33:34.765] [main/INFO] [cpw.mods.modlauncher.Launcher/MODLAUNCHER]: ModLauncher running: args [--nogui, --launchTarget, forgeserveruserdev, --gameDir, ., --fml.neoForgeVersion, 21.0.162, --fml.fmlVersion, 4.0.23, --fml.mcVersion, 1.21, --fml.neoFormVersion, 20240613.152323]
[2710月2024 20:33:34.767] [main/INFO] [cpw.mods.modlauncher.Launcher/MODLAUNCHER]: JVM identified as Oracle Corporation OpenJDK 64-Bit Server VM 21.0.2+13-58
[2710月2024 20:33:34.769] [main/INFO] [cpw.mods.modlauncher.Launcher/MODLAUNCHER]: ModLauncher 11.0.4+main.d2e20e43 starting: java version 21.0.2 by Oracle Corporation; OS Windows 10 arch amd64 version 10.0
[2710月2024 20:33:35.041] [main/INFO] [net.neoforged.fml.loading.ImmediateWindowHandler/]: ImmediateWindowProvider not loading because launch target is forgeserveruserdev
[2710月2024 20:33:35.146] [main/INFO] [mixin/]: SpongePowered MIXIN Subsystem Version=0.8.6 Source=union:/E:/.gradle/caches/modules-2/files-2.1/net.fabricmc/sponge-mixin/0.14.0+mixin.0.8.6/c265173c84346e9e5d42a2384b2b02bd39a4a899/sponge-mixin-0.14.0+mixin.0.8.6.jar%23136!/ Service=ModLauncher Env=SERVER
[2710月2024 20:33:35.579] [main/INFO] [net.neoforged.fml.loading.moddiscovery.ModDiscoverer/SCAN]: Found mod file "neoforge-21.0.162.jar" [locator: neoforge devenv provider ([D:\MinecraftNeoForgeMod\ElytraPenetratesWalls\.gradle\repositories\ng_dummy_ng\net\neoforged\neoforge\21.0.162\neoforge-21.0.162.jar])]
[2710月2024 20:33:35.626] [main/INFO] [net.neoforged.fml.loading.moddiscovery.ModDiscoverer/SCAN]: Found mod file "neoforge-21.0.162.jar" [locator: neoforge devenv provider ([D:\MinecraftNeoForgeMod\ElytraPenetratesWalls\.gradle\repositories\ng_dummy_ng\net\neoforged\neoforge\21.0.162\neoforge-21.0.162.jar])]
[2710月2024 20:33:35.661] [main/INFO] [net.neoforged.fml.loading.moddiscovery.ModDiscoverer/SCAN]: Found mod file "main" [locator: userdev mods and services, reader: mod manifest]
[2710月2024 20:33:35.697] [main/INFO] [net.neoforged.fml.loading.moddiscovery.ModDiscoverer/SCAN]: Found mod file "neoforge-21.0.162.jar" [locator: userdev mods and services, reader: mod manifest]
[2710月2024 20:33:35.768] [main/INFO] [net.neoforged.fml.loading.moddiscovery.ModDiscoverer/SCAN]: Found gamelibrary file "mixinextras-neoforge-0.3.5.jar" [locator: userdev mods and services, reader: mod manifest]
[2710月2024 20:33:36.099] [main/WARN] [net.neoforged.jarjar.selection.JarSelector/]: Attempted to select a dependency jar for JarJar which was passed in as source: mixinextras-neoforge-0.3.5.jar. Using Mod File: E:\.gradle\caches\modules-2\files-2.1\io.github.llamalad7\mixinextras-neoforge\0.3.5\ef3ffcf309dae656517b2f120189b1c9b21737dd\mixinextras-neoforge-0.3.5.jar
[2710月2024 20:33:36.101] [main/INFO] [net.neoforged.fml.loading.moddiscovery.locators.JarInJarDependencyLocator/]: No dependencies to load found. Skipping!
[2710月2024 20:33:36.461] [main/INFO] [net.neoforged.fml.loading.FMLServiceProvider/CORE]: Loading coremod script-engine for [neoforge]
[2710月2024 20:33:37.831] [main/INFO] [mixin/]: Compatibility level set to JAVA_17
[2710月2024 20:33:37.841] [main/INFO] [cpw.mods.modlauncher.LaunchServiceHandler/MODLAUNCHER]: Launching target 'forgeserveruserdev' with arguments [--gameDir, ., --nogui]
[2710月2024 20:33:37.931] [main/WARN] [mixin/]: Reference map 'epw.refmap.json' for epw.mixins.json could not be read. If this is a development environment you can ignore this message
[2710月2024 20:33:40.614] [main/INFO] [MixinExtras|Service/]: Initializing MixinExtras via com.llamalad7.mixinextras.service.MixinExtrasServiceImpl(version=0.3.5).
[2710月2024 20:33:52.699] [main/WARN] [net.minecraft.commands.Commands/]: Ambiguity between arguments [teleport, location] and [teleport, destination] with inputs: [0.1 -0.5 .9, 0 0 0]
[2710月2024 20:33:52.702] [main/WARN] [net.minecraft.commands.Commands/]: Ambiguity between arguments [teleport, location] and [teleport, targets] with inputs: [0.1 -0.5 .9, 0 0 0]
[2710月2024 20:33:52.707] [main/WARN] [net.minecraft.commands.Commands/]: Ambiguity between arguments [teleport, destination] and [teleport, targets] with inputs: [Player, 0123, @e, dd12be42-52a9-4a91-a8a1-11c01849e498]
[2710月2024 20:33:52.709] [main/WARN] [net.minecraft.commands.Commands/]: Ambiguity between arguments [teleport, targets] and [teleport, destination] with inputs: [Player, 0123, dd12be42-52a9-4a91-a8a1-11c01849e498]
[2710月2024 20:33:52.712] [main/WARN] [net.minecraft.commands.Commands/]: Ambiguity between arguments [teleport, targets, location] and [teleport, targets, destination] with inputs: [0.1 -0.5 .9, 0 0 0]
[2710月2024 20:33:52.868] [modloading-worker-0/INFO] [net.neoforged.neoforge.common.NeoForgeMod/NEOFORGE-MOD]: NeoForge mod loading, version 21.0.162, for MC 1.21
[2710月2024 20:33:53.449] [main/INFO] [com.mojang.authlib.yggdrasil.YggdrasilAuthenticationService/]: Environment: Environment[sessionHost=https://sessionserver.mojang.com, servicesHost=https://api.minecraftservices.com, name=PROD]
[2710月2024 20:33:53.585] [main/WARN] [net.minecraft.server.packs.VanillaPackResourcesBuilder/]: Assets URL 'union:/D:/MinecraftNeoForgeMod/ElytraPenetratesWalls/.gradle/repositories/ng_dummy_ng/net/neoforged/neoforge/21.0.162/neoforge-21.0.162.jar%23189!/assets/.mcassetsroot' uses unexpected schema
[2710月2024 20:33:53.586] [main/WARN] [net.minecraft.server.packs.VanillaPackResourcesBuilder/]: Assets URL 'union:/D:/MinecraftNeoForgeMod/ElytraPenetratesWalls/.gradle/repositories/ng_dummy_ng/net/neoforged/neoforge/21.0.162/neoforge-21.0.162.jar%23189!/data/.mcassetsroot' uses unexpected schema
[2710月2024 20:33:55.342] [main/INFO] [net.minecraft.world.item.crafting.RecipeManager/]: Loaded 1290 recipes
[2710月2024 20:33:55.855] [main/INFO] [net.minecraft.advancements.AdvancementTree/]: Loaded 1399 advancements
[2710月2024 20:33:56.825] [Server thread/INFO] [net.minecraft.server.dedicated.DedicatedServer/]: Starting minecraft server version 1.21
[2710月2024 20:33:56.826] [Server thread/INFO] [net.minecraft.server.dedicated.DedicatedServer/]: Loading properties
[2710月2024 20:33:56.826] [Server thread/INFO] [net.minecraft.server.dedicated.DedicatedServer/]: Default game type: SURVIVAL
[2710月2024 20:33:56.826] [Server thread/INFO] [net.minecraft.server.MinecraftServer/]: Generating keypair
[2710月2024 20:33:56.991] [Server thread/INFO] [net.minecraft.server.dedicated.DedicatedServer/]: Starting Minecraft server on *:25565
[2710月2024 20:33:57.096] [Server thread/INFO] [net.minecraft.server.network.ServerConnectionListener/]: Using default channel type
[2710月2024 20:33:57.159] [Server thread/WARN] [net.minecraft.server.dedicated.DedicatedServer/]: **** SERVER IS RUNNING IN OFFLINE/INSECURE MODE!
[2710月2024 20:33:57.160] [Server thread/WARN] [net.minecraft.server.dedicated.DedicatedServer/]: The server will make no attempt to authenticate usernames. Beware.
[2710月2024 20:33:57.160] [Server thread/WARN] [net.minecraft.server.dedicated.DedicatedServer/]: While this makes the game possible to play without internet access, it also opens up the ability for hackers to connect with any username they choose.
[2710月2024 20:33:57.160] [Server thread/WARN] [net.minecraft.server.dedicated.DedicatedServer/]: To change this, set "online-mode" to "true" in the server.properties file.
[2710月2024 20:33:57.294] [Server thread/INFO] [net.minecraft.server.dedicated.DedicatedServer/]: Preparing level "world"
[2710月2024 20:33:59.627] [Server thread/INFO] [net.minecraft.server.MinecraftServer/]: Preparing start region for dimension minecraft:overworld
[2710月2024 20:33:59.899] [worldgen/INFO] [net.minecraft.server.level.progress.LoggerChunkProgressListener/]: Preparing spawn area: 0%
[2710月2024 20:34:00.139] [worldgen/INFO] [net.minecraft.server.level.progress.LoggerChunkProgressListener/]: Preparing spawn area: 44%
[2710月2024 20:34:00.349] [Server thread/INFO] [net.minecraft.server.level.progress.LoggerChunkProgressListener/]: Time elapsed: 721 ms
[2710月2024 20:34:00.350] [Server thread/INFO] [net.minecraft.server.dedicated.DedicatedServer/]: Done (3.101s)! For help, type "help"
[2710月2024 20:34:00.393] [Server thread/INFO] [net.neoforged.neoforge.gametest.GameTestHooks/]: Enabled Gametest Namespaces: []
[2710月2024 20:34:00.399] [Server thread/INFO] [net.neoforged.neoforge.server.permission.PermissionAPI/]: Successfully initialized permission handler neoforge:default_handler
[2710月2024 20:34:00.401] [Server thread/WARN] [net.neoforged.neoforge.common.TagConventionLogWarning/]: 
   Dev warning - Legacy Tags detected. Please migrate your 'forge' namespace tags to the 'c' namespace! See net.neoforged.neoforge.common.Tags.java for all tags.
   NOTE: Many tags have been moved around or renamed. Some new ones were added so please review the new tags.
    And make sure you follow tag conventions for new tags! The convention is `c` with nouns generally being plural and adjectives being singular.
   You can disable this message in NeoForge's common config by setting `logLegacyTagWarnings` to "SILENCED" or see individual tags with "DEV_VERBOSE".

[2710月2024 20:34:04.909] [Server thread/INFO] [net.minecraft.server.players.PlayerList/]: Dev[/[fe80::90fd:68b5:7dff:3b84]:52808] logged in with entity id 16 at (-113.04278170647024, 65.7586829946837, 86.97162506621984)
[2710月2024 20:34:04.995] [Server thread/INFO] [net.minecraft.server.MinecraftServer/]: Dev joined the game
[2710月2024 20:34:14.310] [Server thread/INFO] [net.minecraft.server.network.ServerGamePacketListenerImpl/]: Dev lost connection: Disconnected
[2710月2024 20:34:14.310] [Server thread/INFO] [net.minecraft.server.MinecraftServer/]: Dev left the game
[2710月2024 20:34:17.177] [Server thread/INFO] [net.minecraft.server.players.PlayerList/]: Dev[/[fe80::90fd:68b5:7dff:3b84]:52826] logged in with entity id 208 at (-112.19087379806592, 65.0, 87.43046545558822)
[2710月2024 20:34:17.195] [Server thread/INFO] [net.minecraft.server.MinecraftServer/]: Dev joined the game
[2710月2024 20:34:38.271] [Server thread/INFO] [net.minecraft.server.MinecraftServer/]: Dev experienced kinetic energy
[2710月2024 20:34:39.438] [Server thread/WARN] [net.minecraft.server.network.ServerGamePacketListenerImpl/]: Dev moved too quickly! 102.80000001192093,-3.809378589586089,-0.4142568874842212
[2710月2024 20:34:40.611] [Server thread/INFO] [net.minecraft.server.MinecraftServer/]: [Dev: Set own game mode to Creative Mode]
[2710月2024 20:34:46.804] [Server thread/INFO] [net.minecraft.server.MinecraftServer/]: [Dev: Set own game mode to Survival Mode]
[2710月2024 20:35:04.658] [Server thread/INFO] [net.minecraft.server.network.ServerGamePacketListenerImpl/]: Dev lost connection: Disconnected
[2710月2024 20:35:04.658] [Server thread/INFO] [net.minecraft.server.MinecraftServer/]: Dev left the game
