[2810月2024 19:47:41.458] [main/INFO] [cpw.mods.modlauncher.Launcher/MODLAUNCHER]: ModLauncher running: args [--launchTarget, forgeclientuserdev, --version, 21.0.162, --assetIndex, asset-index, --assetsDir, E:\.gradle\caches\minecraft\assets, --gameDir, ., --fml.neoForgeVersion, 21.0.162, --fml.fmlVersion, 4.0.23, --fml.mcVersion, 1.21, --fml.neoFormVersion, 20240613.152323]
[2810月2024 19:47:41.463] [main/INFO] [cpw.mods.modlauncher.Launcher/MODLAUNCHER]: JVM identified as Oracle Corporation OpenJDK 64-Bit Server VM 21.0.2+13-58
[2810月2024 19:47:41.466] [main/INFO] [cpw.mods.modlauncher.Launcher/MODLAUNCHER]: ModLauncher 11.0.4+main.d2e20e43 starting: java version 21.0.2 by Oracle Corporation; OS Windows 10 arch amd64 version 10.0
[2810月2024 19:47:41.714] [main/INFO] [net.neoforged.fml.loading.ImmediateWindowHandler/]: Loading ImmediateWindowProvider fmlearlywindow
[2810月2024 19:47:41.908] [main/INFO] [EARLYDISPLAY/]: Trying GL version 4.6
[2810月2024 19:47:42.001] [main/INFO] [EARLYDISPLAY/]: Requested GL version 4.6 got version 4.6
[2810月2024 19:47:42.187] [main/INFO] [mixin/]: SpongePowered MIXIN Subsystem Version=0.8.6 Source=union:/E:/.gradle/caches/modules-2/files-2.1/net.fabricmc/sponge-mixin/0.14.0+mixin.0.8.6/c265173c84346e9e5d42a2384b2b02bd39a4a899/sponge-mixin-0.14.0+mixin.0.8.6.jar%23136!/ Service=ModLauncher Env=CLIENT
[2810月2024 19:47:42.442] [pool-2-thread-1/INFO] [EARLYDISPLAY/]: GL info: Intel(R) HD Graphics 630 GL version 4.6.0 - Build 31.0.101.2121, Intel
[2810月2024 19:47:42.598] [main/INFO] [net.neoforged.fml.loading.moddiscovery.ModDiscoverer/SCAN]: Found mod file "neoforge-21.0.162.jar" [locator: neoforge devenv provider ([D:\MinecraftNeoForgeMod\ElytraPenetratesWalls\.gradle\repositories\ng_dummy_ng\net\neoforged\neoforge\21.0.162\neoforge-21.0.162.jar])]
[2810月2024 19:47:42.633] [main/INFO] [net.neoforged.fml.loading.moddiscovery.ModDiscoverer/SCAN]: Found mod file "neoforge-21.0.162.jar" [locator: neoforge devenv provider ([D:\MinecraftNeoForgeMod\ElytraPenetratesWalls\.gradle\repositories\ng_dummy_ng\net\neoforged\neoforge\21.0.162\neoforge-21.0.162.jar])]
[2810月2024 19:47:42.717] [main/INFO] [net.neoforged.fml.loading.moddiscovery.ModDiscoverer/SCAN]: Found mod file "main" [locator: userdev mods and services, reader: mod manifest]
[2810月2024 19:47:42.769] [main/INFO] [net.neoforged.fml.loading.moddiscovery.ModDiscoverer/SCAN]: Found mod file "neoforge-21.0.162.jar" [locator: userdev mods and services, reader: mod manifest]
[2810月2024 19:47:42.925] [main/INFO] [net.neoforged.fml.loading.moddiscovery.ModDiscoverer/SCAN]: Found gamelibrary file "mixinextras-neoforge-0.3.5.jar" [locator: userdev mods and services, reader: mod manifest]
[2810月2024 19:47:43.669] [main/WARN] [net.neoforged.jarjar.selection.JarSelector/]: Attempted to select a dependency jar for JarJar which was passed in as source: mixinextras-neoforge-0.3.5.jar. Using Mod File: E:\.gradle\caches\modules-2\files-2.1\io.github.llamalad7\mixinextras-neoforge\0.3.5\ef3ffcf309dae656517b2f120189b1c9b21737dd\mixinextras-neoforge-0.3.5.jar
[2810月2024 19:47:43.669] [main/INFO] [net.neoforged.fml.loading.moddiscovery.locators.JarInJarDependencyLocator/]: No dependencies to load found. Skipping!
[2810月2024 19:47:44.464] [main/INFO] [net.neoforged.fml.loading.FMLServiceProvider/CORE]: Loading coremod script-engine for [neoforge]
[2810月2024 19:47:49.268] [main/INFO] [mixin/]: Compatibility level set to JAVA_17
[2810月2024 19:47:49.283] [main/INFO] [cpw.mods.modlauncher.LaunchServiceHandler/MODLAUNCHER]: Launching target 'forgeclientuserdev' with arguments [--version, 21.0.162, --gameDir, ., --assetsDir, E:\.gradle\caches\minecraft\assets, --assetIndex, asset-index]
[2810月2024 19:47:49.524] [main/WARN] [mixin/]: Reference map 'epw.refmap.json' for epw.mixins.json could not be read. If this is a development environment you can ignore this message
[2810月2024 19:47:56.455] [Datafixer Bootstrap/INFO] [com.mojang.datafixers.DataFixerBuilder/]: 229 Datafixer optimizations took 1910 milliseconds
[2810月2024 19:47:56.736] [pool-7-thread-1/INFO] [MixinExtras|Service/]: Initializing MixinExtras via com.llamalad7.mixinextras.service.MixinExtrasServiceImpl(version=0.3.5).
[2810月2024 19:48:08.144] [main/WARN] [net.minecraft.commands.Commands/]: Ambiguity between arguments [teleport, location] and [teleport, destination] with inputs: [0.1 -0.5 .9, 0 0 0]
[2810月2024 19:48:08.147] [main/WARN] [net.minecraft.commands.Commands/]: Ambiguity between arguments [teleport, location] and [teleport, targets] with inputs: [0.1 -0.5 .9, 0 0 0]
[2810月2024 19:48:08.151] [main/WARN] [net.minecraft.commands.Commands/]: Ambiguity between arguments [teleport, destination] and [teleport, targets] with inputs: [Player, 0123, @e, dd12be42-52a9-4a91-a8a1-11c01849e498]
[2810月2024 19:48:08.153] [main/WARN] [net.minecraft.commands.Commands/]: Ambiguity between arguments [teleport, targets] and [teleport, destination] with inputs: [Player, 0123, dd12be42-52a9-4a91-a8a1-11c01849e498]
[2810月2024 19:48:08.154] [main/WARN] [net.minecraft.commands.Commands/]: Ambiguity between arguments [teleport, targets, location] and [teleport, targets, destination] with inputs: [0.1 -0.5 .9, 0 0 0]
[2810月2024 19:48:08.274] [Render thread/WARN] [net.minecraft.server.packs.VanillaPackResourcesBuilder/]: Assets URL 'union:/D:/MinecraftNeoForgeMod/ElytraPenetratesWalls/.gradle/repositories/ng_dummy_ng/net/neoforged/neoforge/21.0.162/neoforge-21.0.162.jar%23189!/assets/.mcassetsroot' uses unexpected schema
[2810月2024 19:48:08.274] [Render thread/WARN] [net.minecraft.server.packs.VanillaPackResourcesBuilder/]: Assets URL 'union:/D:/MinecraftNeoForgeMod/ElytraPenetratesWalls/.gradle/repositories/ng_dummy_ng/net/neoforged/neoforge/21.0.162/neoforge-21.0.162.jar%23189!/data/.mcassetsroot' uses unexpected schema
[2810月2024 19:48:08.305] [Render thread/INFO] [com.mojang.authlib.yggdrasil.YggdrasilAuthenticationService/]: Environment: Environment[sessionHost=https://sessionserver.mojang.com, servicesHost=https://api.minecraftservices.com, name=PROD]
[2810月2024 19:48:08.317] [Render thread/INFO] [net.minecraft.client.Minecraft/]: Setting user: Dev
[2810月2024 19:48:08.458] [Render thread/INFO] [net.minecraft.client.Minecraft/]: Backend library: LWJGL version 3.3.3+5
[2810月2024 19:48:08.778] [modloading-worker-0/INFO] [net.neoforged.neoforge.common.NeoForgeMod/NEOFORGE-MOD]: NeoForge mod loading, version 21.0.162, for MC 1.21
[2810月2024 19:48:09.680] [Render thread/INFO] [net.neoforged.neoforge.gametest.GameTestHooks/]: Enabled Gametest Namespaces: []
[2810月2024 19:48:09.908] [Render thread/INFO] [net.minecraft.server.packs.resources.ReloadableResourceManager/]: Reloading ResourceManager: vanilla, mod_resources, mod/epw, mod/neoforge
[2810月2024 19:48:10.020] [Worker-Main-5/INFO] [net.minecraft.client.gui.font.providers.UnihexProvider/]: Found unifont_all_no_pua-15.1.05.hex, loading
[2810月2024 19:48:10.294] [Worker-Main-3/INFO] [net.minecraft.client.gui.font.providers.UnihexProvider/]: Found unifont_jp_patch-15.1.05.hex, loading
[2810月2024 19:48:11.719] [Render thread/WARN] [net.minecraft.client.sounds.SoundEngine/]: Missing sound for event: minecraft:item.goat_horn.play
[2810月2024 19:48:11.720] [Render thread/WARN] [net.minecraft.client.sounds.SoundEngine/]: Missing sound for event: minecraft:entity.goat.screaming.horn_break
[2810月2024 19:48:11.817] [Render thread/INFO] [com.mojang.blaze3d.audio.Library/]: OpenAL initialized on device OpenAL Soft on 扬声器 (Realtek High Definition Audio)
[2810月2024 19:48:11.818] [Render thread/INFO] [net.minecraft.client.sounds.SoundEngine/SOUNDS]: Sound engine started
[2810月2024 19:48:11.972] [Render thread/INFO] [net.minecraft.client.renderer.texture.TextureAtlas/]: Created: 1024x512x4 minecraft:textures/atlas/blocks.png-atlas
[2810月2024 19:48:12.087] [Render thread/INFO] [net.minecraft.client.renderer.texture.TextureAtlas/]: Created: 256x256x4 minecraft:textures/atlas/signs.png-atlas
[2810月2024 19:48:12.089] [Render thread/INFO] [net.minecraft.client.renderer.texture.TextureAtlas/]: Created: 512x512x4 minecraft:textures/atlas/banner_patterns.png-atlas
[2810月2024 19:48:12.092] [Render thread/INFO] [net.minecraft.client.renderer.texture.TextureAtlas/]: Created: 512x512x4 minecraft:textures/atlas/shield_patterns.png-atlas
[2810月2024 19:48:12.097] [Render thread/INFO] [net.minecraft.client.renderer.texture.TextureAtlas/]: Created: 1024x1024x4 minecraft:textures/atlas/armor_trims.png-atlas
[2810月2024 19:48:12.132] [Render thread/INFO] [net.minecraft.client.renderer.texture.TextureAtlas/]: Created: 256x256x4 minecraft:textures/atlas/chest.png-atlas
[2810月2024 19:48:12.133] [Render thread/INFO] [net.minecraft.client.renderer.texture.TextureAtlas/]: Created: 128x64x4 minecraft:textures/atlas/decorated_pot.png-atlas
[2810月2024 19:48:12.135] [Render thread/INFO] [net.minecraft.client.renderer.texture.TextureAtlas/]: Created: 512x256x4 minecraft:textures/atlas/beds.png-atlas
[2810月2024 19:48:12.137] [Render thread/INFO] [net.minecraft.client.renderer.texture.TextureAtlas/]: Created: 512x256x4 minecraft:textures/atlas/shulker_boxes.png-atlas
[2810月2024 19:48:12.356] [Render thread/INFO] [net.minecraft.client.renderer.texture.TextureAtlas/]: Created: 512x256x0 minecraft:textures/atlas/particles.png-atlas
[2810月2024 19:48:12.372] [Render thread/INFO] [net.minecraft.client.renderer.texture.TextureAtlas/]: Created: 512x256x0 minecraft:textures/atlas/paintings.png-atlas
[2810月2024 19:48:12.375] [Render thread/INFO] [net.minecraft.client.renderer.texture.TextureAtlas/]: Created: 256x128x0 minecraft:textures/atlas/mob_effects.png-atlas
[2810月2024 19:48:12.378] [Render thread/INFO] [net.minecraft.client.renderer.texture.TextureAtlas/]: Created: 64x64x0 minecraft:textures/atlas/map_decorations.png-atlas
[2810月2024 19:48:12.381] [Render thread/INFO] [net.minecraft.client.renderer.texture.TextureAtlas/]: Created: 1024x512x0 minecraft:textures/atlas/gui.png-atlas
[2810月2024 19:48:12.735] [Render thread/WARN] [net.minecraft.client.renderer.ShaderInstance/]: Shader rendertype_entity_translucent_emissive could not find sampler named Sampler2 in the specified shader program.
[2810月2024 19:48:17.749] [Render thread/INFO] [net.minecraft.world.item.crafting.RecipeManager/]: Loaded 1290 recipes
[2810月2024 19:48:17.960] [Render thread/INFO] [net.minecraft.advancements.AdvancementTree/]: Loaded 1399 advancements
[2810月2024 19:48:18.501] [Server thread/INFO] [net.minecraft.client.server.IntegratedServer/]: Starting integrated minecraft server version 1.21
[2810月2024 19:48:18.501] [Server thread/INFO] [net.minecraft.server.MinecraftServer/]: Generating keypair
[2810月2024 19:48:20.126] [Server thread/INFO] [net.minecraft.server.MinecraftServer/]: Preparing start region for dimension minecraft:overworld
[2810月2024 19:48:20.347] [progressListener/INFO] [net.minecraft.server.level.progress.LoggerChunkProgressListener/]: Preparing spawn area: 0%
[2810月2024 19:48:20.633] [Server thread/INFO] [net.neoforged.neoforge.server.permission.PermissionAPI/]: Successfully initialized permission handler neoforge:default_handler
[2810月2024 19:48:20.634] [progressListener/INFO] [net.minecraft.server.level.progress.LoggerChunkProgressListener/]: Time elapsed: 489 ms
[2810月2024 19:48:20.635] [Server thread/WARN] [net.neoforged.neoforge.common.TagConventionLogWarning/]: 
   Dev warning - Legacy Tags detected. Please migrate your 'forge' namespace tags to the 'c' namespace! See net.neoforged.neoforge.common.Tags.java for all tags.
   NOTE: Many tags have been moved around or renamed. Some new ones were added so please review the new tags.
    And make sure you follow tag conventions for new tags! The convention is `c` with nouns generally being plural and adjectives being singular.
   You can disable this message in NeoForge's common config by setting `logLegacyTagWarnings` to "SILENCED" or see individual tags with "DEV_VERBOSE".

[2810月2024 19:48:20.743] [Server thread/INFO] [net.minecraft.client.server.IntegratedServer/]: Changing view distance to 12, from 10
[2810月2024 19:48:20.743] [Server thread/INFO] [net.minecraft.client.server.IntegratedServer/]: Changing simulation distance to 12, from 0
[2810月2024 19:48:21.707] [Server thread/INFO] [net.minecraft.server.players.PlayerList/]: Dev[local:E:c4687037] logged in with entity id 58 at (-65.39525913071827, 67.0, 296.2407424324024)
[2810月2024 19:48:21.801] [Server thread/INFO] [net.minecraft.server.MinecraftServer/]: Dev joined the game
[2810月2024 19:48:22.021] [Render thread/INFO] [net.minecraft.advancements.AdvancementTree/]: Loaded 52 advancements
[2810月2024 19:48:22.435] [Server thread/INFO] [net.minecraft.client.server.IntegratedServer/]: Saving and pausing game...
[2810月2024 19:48:22.544] [Server thread/INFO] [net.minecraft.server.MinecraftServer/]: Saving chunks for level 'ServerLevel[New World]'/minecraft:overworld
[2810月2024 19:48:22.713] [Server thread/INFO] [net.minecraft.server.MinecraftServer/]: Saving chunks for level 'ServerLevel[New World]'/minecraft:the_nether
[2810月2024 19:48:22.900] [Server thread/INFO] [net.minecraft.server.MinecraftServer/]: Saving chunks for level 'ServerLevel[New World]'/minecraft:the_end
[2810月2024 19:49:07.487] [Server thread/INFO] [net.minecraft.client.server.IntegratedServer/]: Saving and pausing game...
[2810月2024 19:49:07.561] [Server thread/INFO] [net.minecraft.server.MinecraftServer/]: Saving chunks for level 'ServerLevel[New World]'/minecraft:overworld
[2810月2024 19:49:07.766] [Server thread/INFO] [net.minecraft.server.MinecraftServer/]: Saving chunks for level 'ServerLevel[New World]'/minecraft:the_nether
[2810月2024 19:49:07.954] [Server thread/INFO] [net.minecraft.server.MinecraftServer/]: Saving chunks for level 'ServerLevel[New World]'/minecraft:the_end
[2810月2024 19:49:44.445] [Server thread/INFO] [net.minecraft.server.MinecraftServer/]: Dev burned to death
[2810月2024 19:49:44.466] [Render thread/INFO] [net.minecraft.client.gui.components.ChatComponent/]: [System] [CHAT] Dev burned to death
[2810月2024 19:50:07.561] [Render thread/INFO] [net.minecraft.client.gui.components.ChatComponent/]: [System] [CHAT] Saved screenshot as 2024-10-28_19.50.07.png
[2810月2024 19:50:23.438] [Server thread/INFO] [net.minecraft.client.server.IntegratedServer/]: Saving and pausing game...
[2810月2024 19:50:23.481] [Server thread/INFO] [net.minecraft.server.MinecraftServer/]: Saving chunks for level 'ServerLevel[New World]'/minecraft:overworld
[2810月2024 19:50:23.624] [Server thread/INFO] [net.minecraft.server.MinecraftServer/]: Saving chunks for level 'ServerLevel[New World]'/minecraft:the_nether
[2810月2024 19:50:23.855] [Server thread/INFO] [net.minecraft.server.MinecraftServer/]: Saving chunks for level 'ServerLevel[New World]'/minecraft:the_end
[2810月2024 19:50:29.437] [Server thread/INFO] [net.minecraft.client.server.IntegratedServer/]: Changing view distance to 17, from 12
[2810月2024 19:50:29.459] [Server thread/INFO] [net.minecraft.client.server.IntegratedServer/]: Changing simulation distance to 19, from 12
[2810月2024 19:50:42.750] [Render thread/INFO] [net.minecraft.client.gui.components.ChatComponent/]: [System] [CHAT] Saved screenshot as 2024-10-28_19.50.42.png
[2810月2024 19:50:44.860] [Server thread/INFO] [net.minecraft.client.server.IntegratedServer/]: Saving and pausing game...
[2810月2024 19:50:44.893] [Server thread/INFO] [net.minecraft.server.MinecraftServer/]: Saving chunks for level 'ServerLevel[New World]'/minecraft:overworld
[2810月2024 19:50:45.039] [Server thread/INFO] [net.minecraft.server.MinecraftServer/]: Saving chunks for level 'ServerLevel[New World]'/minecraft:the_nether
[2810月2024 19:50:45.291] [Server thread/INFO] [net.minecraft.server.MinecraftServer/]: Saving chunks for level 'ServerLevel[New World]'/minecraft:the_end
[2810月2024 19:50:45.898] [Server thread/INFO] [net.minecraft.server.network.ServerGamePacketListenerImpl/]: Dev lost connection: Disconnected
[2810月2024 19:50:45.898] [Server thread/INFO] [net.minecraft.server.MinecraftServer/]: Dev left the game
[2810月2024 19:50:45.967] [Server thread/INFO] [net.minecraft.server.network.ServerCommonPacketListenerImpl/]: Stopping singleplayer server as player logged out
[2810月2024 19:50:45.985] [Server thread/INFO] [net.minecraft.server.MinecraftServer/]: Stopping server
[2810月2024 19:50:45.986] [Server thread/INFO] [net.minecraft.server.MinecraftServer/]: Saving players
[2810月2024 19:50:45.986] [Server thread/INFO] [net.minecraft.server.MinecraftServer/]: Saving worlds
[2810月2024 19:50:49.632] [Server thread/INFO] [net.minecraft.server.MinecraftServer/]: Saving chunks for level 'ServerLevel[New World]'/minecraft:overworld
[2810月2024 19:50:51.569] [Server thread/INFO] [net.minecraft.server.MinecraftServer/]: Saving chunks for level 'ServerLevel[New World]'/minecraft:the_nether
[2810月2024 19:50:51.703] [Server thread/INFO] [net.minecraft.server.MinecraftServer/]: Saving chunks for level 'ServerLevel[New World]'/minecraft:the_end
[2810月2024 19:50:51.935] [Server thread/INFO] [net.minecraft.server.MinecraftServer/]: ThreadedAnvilChunkStorage (New World): All chunks are saved
[2810月2024 19:50:51.936] [Server thread/INFO] [net.minecraft.server.MinecraftServer/]: ThreadedAnvilChunkStorage (DIM-1): All chunks are saved
[2810月2024 19:50:51.936] [Server thread/INFO] [net.minecraft.server.MinecraftServer/]: ThreadedAnvilChunkStorage (DIM1): All chunks are saved
[2810月2024 19:50:51.936] [Server thread/INFO] [net.minecraft.server.MinecraftServer/]: ThreadedAnvilChunkStorage: All dimensions are saved
[2810月2024 19:50:57.957] [Render thread/INFO] [net.minecraft.client.Minecraft/]: Stopping!
